{"logTime": "1116/194342", "correlationVector":"qwsKQY0Yj8IUaS6+HWoM/Z.1","action":"SyncServerConnectionManagerRequest", "result":"SYNC_SERVER_OK", "context":{"environment":"Prod_WestUS2_000n", "migrationStage":"NotStarted", "server":"GENERAL01000026"}}
{"logTime": "1116/194342", "correlationVector":"jW2pS11onIUiLWyQY+zoEO","action":"SyncServerConnectionManagerRequest", "result":"SYNC_SERVER_OK", "context":{"environment":"", "migrationStage":"", "server":""}}
{"logTime": "1116/194342", "correlationVector":"qwsKQY0Yj8IUaS6+HWoM/Z","action":"Initial GetUpdates", "result":"", "context":Reason: NEW_CLIENT. cV=qwsKQY0Yj8IUaS6+HWoM/Z}
{"logTime": "1116/194342", "correlationVector":"qwsKQY0Yj8IUaS6+HWoM/Z.2","action":"GetUpdates Response", "result":"Success", "context":Received 1 update(s). cV=qwsKQY0Yj8IUaS6+HWoM/Z.0;server=GENERAL01000026;cloudType=Consumer;environment=Prod_WestUS2_000n;migrationStage=NotStarted}
{"logTime": "1116/194342", "correlationVector":"eZxTY+N4Kbihvx9BCMqyKX","action":"Initial GetUpdates", "result":"", "context":Reason: NEWLY_SUPPORTED_DATATYPE. cV=eZxTY+N4Kbihvx9BCMqyKX}
{"logTime": "1116/194342", "correlationVector":"eZxTY+N4Kbihvx9BCMqyKX.1","action":"SyncServerConnectionManagerRequest", "result":"SYNC_SERVER_OK", "context":{"environment":"Prod_WestUS2_000n", "migrationStage":"NotStarted", "server":"GENERAL0100000G"}}
{"logTime": "1116/194342", "correlationVector":"eZxTY+N4Kbihvx9BCMqyKX.2","action":"GetUpdates Response", "result":"Success", "context":Received 67 update(s). cV=eZxTY+N4Kbihvx9BCMqyKX.0;server=GENERAL0100000G;cloudType=Consumer;environment=Prod_WestUS2_000n;migrationStage=NotStarted}
{"logTime": "1116/194342", "correlationVector":"vaL1bP604zWlsMo5xaTu5e","action":"Initial GetUpdates", "result":"", "context":Reason: NEWLY_SUPPORTED_DATATYPE. cV=vaL1bP604zWlsMo5xaTu5e}
{"logTime": "1116/194343", "correlationVector":"vaL1bP604zWlsMo5xaTu5e.1","action":"SyncServerConnectionManagerRequest", "result":"SYNC_SERVER_OK", "context":{"environment":"Prod_WestUS2_000n", "migrationStage":"NotStarted", "server":"GENERAL01000009"}}
{"logTime": "1116/194343", "correlationVector":"vaL1bP604zWlsMo5xaTu5e.2","action":"GetUpdates Response", "result":"Success", "context":Received 5 update(s). cV=vaL1bP604zWlsMo5xaTu5e.0;server=GENERAL01000009;cloudType=Consumer;environment=Prod_WestUS2_000n;migrationStage=NotStarted}
{"logTime": "1116/194343", "correlationVector":"kokTD0Xnk4/saYG8+x910v","action":"Initial GetUpdates", "result":"", "context":Reason: NEWLY_SUPPORTED_DATATYPE. cV=kokTD0Xnk4/saYG8+x910v}
{"logTime": "1116/194343", "correlationVector":"kokTD0Xnk4/saYG8+x910v.1","action":"SyncServerConnectionManagerRequest", "result":"SYNC_SERVER_OK", "context":{"environment":"Prod_WestUS2_000n", "migrationStage":"NotStarted", "server":"GENERAL0100002V"}}
{"logTime": "1116/194343", "correlationVector":"kokTD0Xnk4/saYG8+x910v.2","action":"GetUpdates", "result":"DeleteReceived", "context":{"id":"cc1dfe5c-457a-41d0-85d2-515f1a2f7a06", "isDeleted:":"true", "version":"1724209299473"}}
{"logTime": "1116/194343", "correlationVector":"kokTD0Xnk4/saYG8+x910v.3","action":"GetUpdates", "result":"DeleteReceived", "context":{"id":"5125739b-57fe-4ccf-8e76-312b5a5359bb", "isDeleted:":"true", "version":"1724453965851"}}
{"logTime": "1116/194343", "correlationVector":"kokTD0Xnk4/saYG8+x910v.4","action":"GetUpdates", "result":"DeleteReceived", "context":{"id":"3f923b4e-31c5-490b-8a89-b0834992ab40", "isDeleted:":"true", "version":"1724456592112"}}
{"logTime": "1116/194343", "correlationVector":"kokTD0Xnk4/saYG8+x910v.5","action":"GetUpdates", "result":"DeleteReceived", "context":{"id":"d526a696-ac12-4c83-8aad-5b7415984f8c", "isDeleted:":"true", "version":"1726004533527"}}
{"logTime": "1116/194343", "correlationVector":"kokTD0Xnk4/saYG8+x910v.6","action":"GetUpdates", "result":"DeleteReceived", "context":{"id":"f0941fb9-a639-4bd4-8df9-ecf543285edd", "isDeleted:":"true", "version":"1727489741823"}}
{"logTime": "1116/194343", "correlationVector":"kokTD0Xnk4/saYG8+x910v.7","action":"GetUpdates Response", "result":"Success", "context":Received 48 update(s). cV=kokTD0Xnk4/saYG8+x910v.0;server=GENERAL0100002V;cloudType=Consumer;environment=Prod_WestUS2_000n;migrationStage=NotStarted}
{"logTime": "1116/194343", "correlationVector":"C2SiA/wOJTJDsIzQlNCZ3b","action":"Normal GetUpdate request", "result":"", "context":cV=C2SiA/wOJTJDsIzQlNCZ3b
Nudged types: Sessions, Device Info, User Consents
Refresh requested types: Bookmarks, Preferences, Passwords, Autofill Profiles, Autofill, Typed URLs, Extensions, Sessions, Extension settings, History Delete Directives, Device Info, User Consents, Send Tab To Self, Web Apps, Collection, Edge E Drop, Edge Hub App Usage, Edge Tab Group, Edge Wallet, Encryption Keys}
{"logTime": "1116/194343", "correlationVector":"C2SiA/wOJTJDsIzQlNCZ3b.1","action":"SyncServerConnectionManagerRequest", "result":"SYNC_SERVER_OK", "context":{"environment":"Prod_WestUS2_000n", "migrationStage":"NotStarted", "server":"GENERAL0100000I"}}
{"logTime": "1116/194343", "correlationVector":"C2SiA/wOJTJDsIzQlNCZ3b.2","action":"GetUpdates Response", "result":"Success", "context":Received 0 update(s). cV=C2SiA/wOJTJDsIzQlNCZ3b.0;server=GENERAL0100000I;cloudType=Consumer;environment=Prod_WestUS2_000n;migrationStage=NotStarted}
{"logTime": "1116/194343", "correlationVector":"1+z2njmdKgrSqCY3Z7AAPY","action":"DoCompareDataConsistency requsted types: ", "result":"Bookmarks, Preferences, Passwords, Typed URLs, Extensions, Extension settings, History Delete Directives, Send Tab To Self, Web Apps, Collection, Edge E Drop, Edge Tab Group, Edge Wallet, Encryption Keys"}
{"logTime": "1116/194343", "correlationVector":"1+z2njmdKgrSqCY3Z7AAPY.0","action":"CompareDataConsistency result: ", "result":"Compare result: Encryption Keys is consistent. local entities count is: 1 local entities hash is: zC7PtDNJpOjpHqW5ug/0Wni9YEU="}
{"logTime": "1116/194343", "correlationVector":"1+z2njmdKgrSqCY3Z7AAPY.1","action":"CompareDataConsistency result: ", "result":"Compare result: Bookmarks is consistent. local entities count is: 3 local entities hash is: sTb0ixBx7IcNXdYzMrHxIC3//8Y="}
{"logTime": "1116/194343", "correlationVector":"1+z2njmdKgrSqCY3Z7AAPY.2","action":"CompareDataConsistency result: ", "result":"Compare result: Preferences is consistent. local entities count is: 55 local entities hash is: scBS49n+13zYWT8mxumTXeKPn8k="}
{"logTime": "1116/194343", "correlationVector":"1+z2njmdKgrSqCY3Z7AAPY.3","action":"CompareDataConsistency result: ", "result":"Server did not send this Typed URLs local entities count is: 0 local entities hash is: "}
{"logTime": "1116/194343", "correlationVector":"1+z2njmdKgrSqCY3Z7AAPY.4","action":"CompareDataConsistency result: ", "result":"Compare result: Extensions is consistent. local entities count is: 0 local entities hash is: "}
{"logTime": "1116/194343", "correlationVector":"1+z2njmdKgrSqCY3Z7AAPY.5","action":"CompareDataConsistency result: ", "result":"Compare result: Extension settings is consistent. local entities count is: 0 local entities hash is: "}
{"logTime": "1116/194343", "correlationVector":"1+z2njmdKgrSqCY3Z7AAPY.6","action":"CompareDataConsistency result: ", "result":"Compare result: History Delete Directives is consistent. local entities count is: 0 local entities hash is: "}
{"logTime": "1116/194343", "correlationVector":"1+z2njmdKgrSqCY3Z7AAPY.7","action":"CompareDataConsistency result: ", "result":"Server did not send this Send Tab To Self local entities count is: 0 local entities hash is: "}
{"logTime": "1116/194343", "correlationVector":"1+z2njmdKgrSqCY3Z7AAPY.8","action":"CompareDataConsistency result: ", "result":"Compare result: Web Apps is consistent. local entities count is: 0 local entities hash is: "}
{"logTime": "1116/194343", "correlationVector":"1+z2njmdKgrSqCY3Z7AAPY.9","action":"CompareDataConsistency result: ", "result":"Compare result: Collection is consistent. local entities count is: 0 local entities hash is: "}
{"logTime": "1116/194343", "correlationVector":"1+z2njmdKgrSqCY3Z7AAPY.10","action":"CompareDataConsistency result: ", "result":"Compare result: Edge E Drop is consistent. local entities count is: 0 local entities hash is: "}
{"logTime": "1116/194343", "correlationVector":"1+z2njmdKgrSqCY3Z7AAPY.11","action":"CompareDataConsistency result: ", "result":"Compare result: Edge Tab Group is consistent. local entities count is: 0 local entities hash is: "}
{"logTime": "1116/194343", "correlationVector":"1+z2njmdKgrSqCY3Z7AAPY.12","action":"CompareDataConsistency result: ", "result":"Compare result: Edge Wallet is consistent. local entities count is: 0 local entities hash is: "}
{"logTime": "1116/194343", "correlationVector":"1+z2njmdKgrSqCY3Z7AAPY.13","action":"CompareDataConsistency result: ", "result":"Compare result: Passwords is consistent. local entities count is: 6 local entities hash is: fkc3lpFeS3ZIhVMQViiLBpkU72U="}
{"logTime": "1116/194343", "correlationVector":"BlJy8oRRgSv1xdilrnjaYO","action":"Commit Request", "result":"", "context":Item count: 4
Contributing types: Sessions, Device Info, User Consents}
{"logTime": "1116/194344", "correlationVector":"BlJy8oRRgSv1xdilrnjaYO.1","action":"SyncServerConnectionManagerRequest", "result":"SYNC_SERVER_OK", "context":{"environment":"Prod_WestUS2_000n", "migrationStage":"NotStarted", "server":"GENERAL01000014"}}
{"logTime": "1116/194344", "correlationVector":"BlJy8oRRgSv1xdilrnjaYO.2","action":"Commit Response", "result":"Success", "context":Result: Success. cV=BlJy8oRRgSv1xdilrnjaYO.0;server=GENERAL01000014;cloudType=Consumer;environment=Prod_WestUS2_000n;migrationStage=NotStarted}
{"logTime": "1116/194344", "correlationVector":"","action":"DIAGNOSTIC_REQUEST|v1/diagnosticData/Diagnostic.SendCheckResult()|SUCCESS", "result":""}
{"logTime": "1116/194345", "correlationVector":"ioZgptChhvF0DxwNLBOYJf","action":"Commit Request", "result":"", "context":Item count: 1
Contributing types: User Consents}
{"logTime": "1116/194346", "correlationVector":"ioZgptChhvF0DxwNLBOYJf.1","action":"SyncServerConnectionManagerRequest", "result":"SYNC_SERVER_OK", "context":{"environment":"Prod_WestUS2_000n", "migrationStage":"NotStarted", "server":"GENERAL0100002W"}}
{"logTime": "1116/194346", "correlationVector":"ioZgptChhvF0DxwNLBOYJf.2","action":"Commit Response", "result":"Success", "context":Result: Success. cV=ioZgptChhvF0DxwNLBOYJf.0;server=GENERAL0100002W;cloudType=Consumer;environment=Prod_WestUS2_000n;migrationStage=NotStarted}
{"logTime": "1116/194351", "correlationVector":"gZZZAh3nq8TTlXQUqIQxgC","action":"Commit Request", "result":"", "context":Item count: 3
Contributing types: Sessions, Edge Hub App Usage}
{"logTime": "1116/194352", "correlationVector":"gZZZAh3nq8TTlXQUqIQxgC.1","action":"SyncServerConnectionManagerRequest", "result":"SYNC_SERVER_OK", "context":{"environment":"Prod_WestUS2_000n", "migrationStage":"NotStarted", "server":"GENERAL0100000O"}}
{"logTime": "1116/194352", "correlationVector":"gZZZAh3nq8TTlXQUqIQxgC.2","action":"Commit Response", "result":"Success", "context":Result: Success. cV=gZZZAh3nq8TTlXQUqIQxgC.0;server=GENERAL0100000O;cloudType=Consumer;environment=Prod_WestUS2_000n;migrationStage=NotStarted}
{"logTime": "1116/194726", "correlationVector":"kpDy313rgk42kZfngbx9UP.1","action":"SyncServerConnectionManagerRequest", "result":"SYNC_SERVER_OK", "context":{"environment":"Prod_WestUS2_000n", "migrationStage":"NotStarted", "server":"GENERAL0100000G"}}
{"logTime": "1116/194726", "correlationVector":"BxrWLQyTZZdcPNX5BJGvBp","action":"SyncServerConnectionManagerRequest", "result":"SYNC_SERVER_OK", "context":{"environment":"", "migrationStage":"", "server":""}}
{"logTime": "1116/194726", "correlationVector":"kpDy313rgk42kZfngbx9UP","action":"Initial GetUpdates", "result":"", "context":Reason: NEW_CLIENT. cV=kpDy313rgk42kZfngbx9UP}
{"logTime": "1116/194726", "correlationVector":"kpDy313rgk42kZfngbx9UP.2","action":"GetUpdates Response", "result":"Success", "context":Received 1 update(s). cV=kpDy313rgk42kZfngbx9UP.0;server=GENERAL0100000G;cloudType=Consumer;environment=Prod_WestUS2_000n;migrationStage=NotStarted}
{"logTime": "1116/194726", "correlationVector":"OMzNmCtzOncZjoKcIbO3Hk","action":"Initial GetUpdates", "result":"", "context":Reason: NEWLY_SUPPORTED_DATATYPE. cV=OMzNmCtzOncZjoKcIbO3Hk}
{"logTime": "1116/194726", "correlationVector":"OMzNmCtzOncZjoKcIbO3Hk.1","action":"SyncServerConnectionManagerRequest", "result":"SYNC_SERVER_OK", "context":{"environment":"Prod_WestUS2_000n", "migrationStage":"NotStarted", "server":"GENERAL01000026"}}
{"logTime": "1116/194726", "correlationVector":"OMzNmCtzOncZjoKcIbO3Hk.2","action":"GetUpdates Response", "result":"Success", "context":Received 6 update(s). cV=OMzNmCtzOncZjoKcIbO3Hk.0;server=GENERAL01000026;cloudType=Consumer;environment=Prod_WestUS2_000n;migrationStage=NotStarted}
{"logTime": "1116/194726", "correlationVector":"41qQE+yYyiPpDhrVbeY2BI","action":"Normal GetUpdate request", "result":"", "context":cV=41qQE+yYyiPpDhrVbeY2BI
Nudged types: Sessions, Device Info
Refresh requested types: Bookmarks, Preferences, Passwords, Autofill Profiles, Autofill, Typed URLs, Extensions, Sessions, Extension settings, History Delete Directives, Device Info, User Consents, Send Tab To Self, Web Apps, Collection, Edge E Drop, Edge Hub App Usage, Edge Tab Group, Edge Wallet, Encryption Keys}
{"logTime": "1116/194727", "correlationVector":"41qQE+yYyiPpDhrVbeY2BI.1","action":"SyncServerConnectionManagerRequest", "result":"SYNC_SERVER_OK", "context":{"environment":"Prod_WestUS2_000n", "migrationStage":"NotStarted", "server":"GENERAL0100000H"}}
{"logTime": "1116/194727", "correlationVector":"41qQE+yYyiPpDhrVbeY2BI.2","action":"GetUpdates Response", "result":"Success", "context":Received 5 update(s). cV=41qQE+yYyiPpDhrVbeY2BI.0;server=GENERAL0100000H;cloudType=Consumer;environment=Prod_WestUS2_000n;migrationStage=NotStarted}
{"logTime": "1116/194727", "correlationVector":"XfABaYyp4107GDrb9iVvnj","action":"Commit Request", "result":"", "context":Item count: 4
Contributing types: Sessions, Device Info}
{"logTime": "1116/194727", "correlationVector":"XfABaYyp4107GDrb9iVvnj.1","action":"SyncServerConnectionManagerRequest", "result":"SYNC_SERVER_OK", "context":{"environment":"Prod_WestUS2_000n", "migrationStage":"NotStarted", "server":"GENERAL0100002U"}}
{"logTime": "1116/194727", "correlationVector":"XfABaYyp4107GDrb9iVvnj.3","action":"Commit.Sessions", "result":"Success", "context":{"id":"ffd7ae15-8098-43f6-be54-b1c98b616a9e", "isDeleted":"true", "size":"0", "version":"1731786234130"}}
{"logTime": "1116/194727", "correlationVector":"XfABaYyp4107GDrb9iVvnj.2","action":"Commit Response", "result":"Success", "context":Result: Success. cV=XfABaYyp4107GDrb9iVvnj.0;server=GENERAL0100002U;cloudType=Consumer;environment=Prod_WestUS2_000n;migrationStage=NotStarted}
{"logTime": "1116/194738", "correlationVector":"oGfElW5s3xNk+VpDRyc5Lk","action":"Commit Request", "result":"", "context":Item count: 2
Contributing types: Preferences, Sessions}
{"logTime": "1116/194738", "correlationVector":"oGfElW5s3xNk+VpDRyc5Lk.1","action":"SyncServerConnectionManagerRequest", "result":"SYNC_SERVER_OK", "context":{"environment":"Prod_WestUS2_000n", "migrationStage":"NotStarted", "server":"GENERAL01000023"}}
{"logTime": "1116/194738", "correlationVector":"oGfElW5s3xNk+VpDRyc5Lk.2","action":"Commit Response", "result":"Success", "context":Result: Success. cV=oGfElW5s3xNk+VpDRyc5Lk.0;server=GENERAL01000023;cloudType=Consumer;environment=Prod_WestUS2_000n;migrationStage=NotStarted}
{"logTime": "1116/194944", "correlationVector":"RrR6yY6B0NJ5Oj5injsDw4.1","action":"SyncServerConnectionManagerRequest", "result":"SYNC_SERVER_OK", "context":{"environment":"Prod_WestUS2_000n", "migrationStage":"NotStarted", "server":"GENERAL0100000T"}}
{"logTime": "1116/194944", "correlationVector":"/LwzxMdyzzXQRDd5sVPj/J","action":"SyncServerConnectionManagerRequest", "result":"SYNC_SERVER_OK", "context":{"environment":"", "migrationStage":"", "server":""}}
{"logTime": "1116/194944", "correlationVector":"RrR6yY6B0NJ5Oj5injsDw4","action":"Initial GetUpdates", "result":"", "context":Reason: NEW_CLIENT. cV=RrR6yY6B0NJ5Oj5injsDw4}
{"logTime": "1116/194944", "correlationVector":"RrR6yY6B0NJ5Oj5injsDw4.2","action":"GetUpdates Response", "result":"Success", "context":Received 1 update(s). cV=RrR6yY6B0NJ5Oj5injsDw4.0;server=GENERAL0100000T;cloudType=Consumer;environment=Prod_WestUS2_000n;migrationStage=NotStarted}
{"logTime": "1116/194944", "correlationVector":"SG4rStYsMa5niZV4YhFRis","action":"Initial GetUpdates", "result":"", "context":Reason: NEWLY_SUPPORTED_DATATYPE. cV=SG4rStYsMa5niZV4YhFRis}
{"logTime": "1116/194944", "correlationVector":"SG4rStYsMa5niZV4YhFRis.1","action":"SyncServerConnectionManagerRequest", "result":"SYNC_SERVER_OK", "context":{"environment":"Prod_WestUS2_000n", "migrationStage":"NotStarted", "server":"GENERAL0100000R"}}
{"logTime": "1116/194944", "correlationVector":"SG4rStYsMa5niZV4YhFRis.2","action":"GetUpdates Response", "result":"Success", "context":Received 6 update(s). cV=SG4rStYsMa5niZV4YhFRis.0;server=GENERAL0100000R;cloudType=Consumer;environment=Prod_WestUS2_000n;migrationStage=NotStarted}
{"logTime": "1116/194944", "correlationVector":"m7I8XTCuW+1eQMf2tP9ALF","action":"Normal GetUpdate request", "result":"", "context":cV=m7I8XTCuW+1eQMf2tP9ALF
Nudged types: Sessions, Device Info
Refresh requested types: Bookmarks, Preferences, Passwords, Autofill Profiles, Autofill, Typed URLs, Extensions, Sessions, Extension settings, History Delete Directives, Device Info, User Consents, Send Tab To Self, Web Apps, Collection, Edge E Drop, Edge Hub App Usage, Edge Tab Group, Edge Wallet, Encryption Keys}
{"logTime": "1116/194945", "correlationVector":"m7I8XTCuW+1eQMf2tP9ALF.1","action":"SyncServerConnectionManagerRequest", "result":"SYNC_SERVER_OK", "context":{"environment":"Prod_WestUS2_000n", "migrationStage":"NotStarted", "server":"GENERAL0100001U"}}
{"logTime": "1116/194945", "correlationVector":"m7I8XTCuW+1eQMf2tP9ALF.2","action":"GetUpdates", "result":"DeleteReceived", "context":{"id":"ffd7ae15-8098-43f6-be54-b1c98b616a9e", "isDeleted:":"true", "version":"1731786449590"}}
{"logTime": "1116/194945", "correlationVector":"m7I8XTCuW+1eQMf2tP9ALF.3","action":"GetUpdates Response", "result":"Success", "context":Received 5 update(s). cV=m7I8XTCuW+1eQMf2tP9ALF.0;server=GENERAL0100001U;cloudType=Consumer;environment=Prod_WestUS2_000n;migrationStage=NotStarted}
{"logTime": "1116/194945", "correlationVector":"ZI2Lr1d4dNfKlcR/7U/Emt","action":"Commit Request", "result":"", "context":Item count: 4
Contributing types: Sessions, Device Info}
{"logTime": "1116/194945", "correlationVector":"ZI2Lr1d4dNfKlcR/7U/Emt.1","action":"SyncServerConnectionManagerRequest", "result":"SYNC_SERVER_OK", "context":{"environment":"Prod_WestUS2_000n", "migrationStage":"NotStarted", "server":"GENERAL01000026"}}
{"logTime": "1116/194945", "correlationVector":"ZI2Lr1d4dNfKlcR/7U/Emt.3","action":"Commit.Sessions", "result":"Success", "context":{"id":"6932fd34-ce85-4966-ade3-62a6196d6224", "isDeleted":"true", "size":"0", "version":"1731786460481"}}
{"logTime": "1116/194945", "correlationVector":"ZI2Lr1d4dNfKlcR/7U/Emt.2","action":"Commit Response", "result":"Success", "context":Result: Success. cV=ZI2Lr1d4dNfKlcR/7U/Emt.0;server=GENERAL01000026;cloudType=Consumer;environment=Prod_WestUS2_000n;migrationStage=NotStarted}
{"logTime": "1116/195213", "correlationVector":"nUdfyrvv9JCOI3Uu94pUkb.1","action":"SyncServerConnectionManagerRequest", "result":"SYNC_SERVER_OK", "context":{"environment":"Prod_WestUS2_000n", "migrationStage":"NotStarted", "server":"GENERAL01000018"}}
{"logTime": "1116/195214", "correlationVector":"81xb9q5cWCloFpr7A21LRR","action":"SyncServerConnectionManagerRequest", "result":"SYNC_SERVER_OK", "context":{"environment":"", "migrationStage":"", "server":""}}
{"logTime": "1116/195214", "correlationVector":"nUdfyrvv9JCOI3Uu94pUkb","action":"Initial GetUpdates", "result":"", "context":Reason: NEW_CLIENT. cV=nUdfyrvv9JCOI3Uu94pUkb}
{"logTime": "1116/195214", "correlationVector":"nUdfyrvv9JCOI3Uu94pUkb.2","action":"GetUpdates Response", "result":"Success", "context":Received 1 update(s). cV=nUdfyrvv9JCOI3Uu94pUkb.0;server=GENERAL01000018;cloudType=Consumer;environment=Prod_WestUS2_000n;migrationStage=NotStarted}
{"logTime": "1116/195214", "correlationVector":"9l0kbrqyezCraOrDQAP7yh","action":"Initial GetUpdates", "result":"", "context":Reason: NEWLY_SUPPORTED_DATATYPE. cV=9l0kbrqyezCraOrDQAP7yh}
{"logTime": "1116/195214", "correlationVector":"9l0kbrqyezCraOrDQAP7yh.1","action":"SyncServerConnectionManagerRequest", "result":"SYNC_SERVER_OK", "context":{"environment":"Prod_WestUS2_000n", "migrationStage":"NotStarted", "server":"GENERAL0100002U"}}
{"logTime": "1116/195214", "correlationVector":"9l0kbrqyezCraOrDQAP7yh.2","action":"GetUpdates Response", "result":"Success", "context":Received 6 update(s). cV=9l0kbrqyezCraOrDQAP7yh.0;server=GENERAL0100002U;cloudType=Consumer;environment=Prod_WestUS2_000n;migrationStage=NotStarted}
{"logTime": "1116/195214", "correlationVector":"g48Gdn5W3fWg8qhjS6/1VQ","action":"Normal GetUpdate request", "result":"", "context":cV=g48Gdn5W3fWg8qhjS6/1VQ
Nudged types: Sessions, Device Info
Refresh requested types: Bookmarks, Preferences, Passwords, Autofill Profiles, Autofill, Typed URLs, Extensions, Sessions, Extension settings, History Delete Directives, Device Info, User Consents, Send Tab To Self, Web Apps, Collection, Edge E Drop, Edge Hub App Usage, Edge Tab Group, Edge Wallet, Encryption Keys}
{"logTime": "1116/195214", "correlationVector":"g48Gdn5W3fWg8qhjS6/1VQ.1","action":"SyncServerConnectionManagerRequest", "result":"SYNC_SERVER_OK", "context":{"environment":"Prod_WestUS2_000n", "migrationStage":"NotStarted", "server":"GENERAL0100001H"}}
{"logTime": "1116/195214", "correlationVector":"g48Gdn5W3fWg8qhjS6/1VQ.2","action":"GetUpdates", "result":"DeleteReceived", "context":{"id":"6932fd34-ce85-4966-ade3-62a6196d6224", "isDeleted:":"true", "version":"1731786587653"}}
{"logTime": "1116/195214", "correlationVector":"g48Gdn5W3fWg8qhjS6/1VQ.3","action":"GetUpdates Response", "result":"Success", "context":Received 4 update(s). cV=g48Gdn5W3fWg8qhjS6/1VQ.0;server=GENERAL0100001H;cloudType=Consumer;environment=Prod_WestUS2_000n;migrationStage=NotStarted}
{"logTime": "1116/195214", "correlationVector":"CljH1/Mdoh4blnHrI5Y5Ut","action":"Commit Request", "result":"", "context":Item count: 4
Contributing types: Sessions, Device Info}
{"logTime": "1116/195215", "correlationVector":"CljH1/Mdoh4blnHrI5Y5Ut.1","action":"SyncServerConnectionManagerRequest", "result":"SYNC_SERVER_OK", "context":{"environment":"Prod_WestUS2_000n", "migrationStage":"NotStarted", "server":"GENERAL0100001E"}}
{"logTime": "1116/195215", "correlationVector":"CljH1/Mdoh4blnHrI5Y5Ut.2","action":"Commit Response", "result":"Success", "context":Result: Success. cV=CljH1/Mdoh4blnHrI5Y5Ut.0;server=GENERAL0100001E;cloudType=Consumer;environment=Prod_WestUS2_000n;migrationStage=NotStarted}
{"logTime": "1116/195251", "correlationVector":"T+Hq+O3bGqWzlda/DhPthq","action":"Commit Request", "result":"", "context":Item count: 2
Contributing types: Sessions}
{"logTime": "1116/195251", "correlationVector":"T+Hq+O3bGqWzlda/DhPthq.1","action":"SyncServerConnectionManagerRequest", "result":"SYNC_SERVER_OK", "context":{"environment":"Prod_WestUS2_000n", "migrationStage":"NotStarted", "server":"GENERAL01000014"}}
{"logTime": "1116/195251", "correlationVector":"T+Hq+O3bGqWzlda/DhPthq.3","action":"Commit.Sessions", "result":"Success", "context":{"id":"162ef721-0cc9-469d-83c9-bbc9afc013d3", "isDeleted":"true", "size":"0", "version":"1731786737174"}}
{"logTime": "1116/195251", "correlationVector":"T+Hq+O3bGqWzlda/DhPthq.2","action":"Commit Response", "result":"Success", "context":Result: Success. cV=T+Hq+O3bGqWzlda/DhPthq.0;server=GENERAL01000014;cloudType=Consumer;environment=Prod_WestUS2_000n;migrationStage=NotStarted}
{"logTime": "1116/195712", "correlationVector":"DMPoWBMli6hKtPP+7vNSH+","action":"Normal GetUpdate request", "result":"", "context":cV=DMPoWBMli6hKtPP+7vNSH+
Refresh requested types: Bookmarks, Preferences, Passwords, Autofill Profiles, Autofill, Typed URLs, Extensions, Sessions, Extension settings, History Delete Directives, Device Info, User Consents, Send Tab To Self, Web Apps, Collection, Edge E Drop, Edge Hub App Usage, Edge Tab Group, Edge Wallet, Encryption Keys}
{"logTime": "1116/195713", "correlationVector":"DMPoWBMli6hKtPP+7vNSH+.1","action":"SyncServerConnectionManagerRequest", "result":"SYNC_SERVER_OK", "context":{"environment":"Prod_WestUS2_000n", "migrationStage":"NotStarted", "server":"GENERAL0100000O"}}
{"logTime": "1116/195713", "correlationVector":"DMPoWBMli6hKtPP+7vNSH+.2","action":"GetUpdates", "result":"DeleteReceived", "context":{"id":"162ef721-0cc9-469d-83c9-bbc9afc013d3", "isDeleted:":"true", "version":"1731786773408"}}
{"logTime": "1116/195713", "correlationVector":"DMPoWBMli6hKtPP+7vNSH+.3","action":"GetUpdates Response", "result":"Success", "context":Received 4 update(s). cV=DMPoWBMli6hKtPP+7vNSH+.0;server=GENERAL0100000O;cloudType=Consumer;environment=Prod_WestUS2_000n;migrationStage=NotStarted}
{"logTime": "1116/195758", "correlationVector":"AoPHf/EmDF+9CuQbAv/KIZ.1","action":"SyncServerConnectionManagerRequest", "result":"SYNC_SERVER_OK", "context":{"environment":"Prod_WestUS_000v", "migrationStage":"NotStarted", "server":"GENERAL12000000"}}
{"logTime": "1116/195759", "correlationVector":"9Rpv+yb32Xq88sDPEj4PmA","action":"SyncServerConnectionManagerRequest", "result":"SYNC_SERVER_OK", "context":{"environment":"", "migrationStage":"", "server":""}}
{"logTime": "1116/195759", "correlationVector":"AoPHf/EmDF+9CuQbAv/KIZ","action":"Initial GetUpdates", "result":"", "context":Reason: NEW_CLIENT. cV=AoPHf/EmDF+9CuQbAv/KIZ}
{"logTime": "1116/195759", "correlationVector":"AoPHf/EmDF+9CuQbAv/KIZ.2","action":"GetUpdates Response", "result":"Success", "context":Received 1 update(s). cV=AoPHf/EmDF+9CuQbAv/KIZ.0;server=GENERAL12000000;cloudType=Consumer;environment=Prod_WestUS_000v;migrationStage=NotStarted}
{"logTime": "1116/195759", "correlationVector":"D1LtOSEWNuJx+5OHVCLG7z","action":"Initial GetUpdates", "result":"", "context":Reason: NEWLY_SUPPORTED_DATATYPE. cV=D1LtOSEWNuJx+5OHVCLG7z}
{"logTime": "1116/195759", "correlationVector":"D1LtOSEWNuJx+5OHVCLG7z.1","action":"SyncServerConnectionManagerRequest", "result":"SYNC_SERVER_OK", "context":{"environment":"Prod_WestUS_000v", "migrationStage":"NotStarted", "server":"GENERAL12000005"}}
{"logTime": "1116/195759", "correlationVector":"D1LtOSEWNuJx+5OHVCLG7z.2","action":"GetUpdates Response", "result":"Success", "context":Received 6 update(s). cV=D1LtOSEWNuJx+5OHVCLG7z.0;server=GENERAL12000005;cloudType=Consumer;environment=Prod_WestUS_000v;migrationStage=NotStarted}
{"logTime": "1116/195800", "correlationVector":"zqwMh/R+00kfDk4S+0bVbe","action":"Normal GetUpdate request", "result":"", "context":cV=zqwMh/R+00kfDk4S+0bVbe
Nudged types: Sessions, Device Info
Refresh requested types: Bookmarks, Preferences, Passwords, Autofill Profiles, Autofill, Typed URLs, Extensions, Sessions, Extension settings, History Delete Directives, Device Info, User Consents, Send Tab To Self, Web Apps, Collection, Edge E Drop, Edge Hub App Usage, Edge Tab Group, Edge Wallet, Encryption Keys}
{"logTime": "1116/195800", "correlationVector":"zqwMh/R+00kfDk4S+0bVbe.1","action":"SyncServerConnectionManagerRequest", "result":"SYNC_SERVER_OK", "context":{"environment":"Prod_WestUS_000v", "migrationStage":"NotStarted", "server":"GENERAL12000004"}}
{"logTime": "1116/195800", "correlationVector":"zqwMh/R+00kfDk4S+0bVbe.2","action":"GetUpdates Response", "result":"Success", "context":Received 0 update(s). cV=zqwMh/R+00kfDk4S+0bVbe.0;server=GENERAL12000004;cloudType=Consumer;environment=Prod_WestUS_000v;migrationStage=NotStarted}
{"logTime": "1116/195800", "correlationVector":"tmwpyWlFsi5uVWJwge7gdy","action":"DoCompareDataConsistency requsted types: ", "result":"Bookmarks, Preferences, Passwords, Typed URLs, Extensions, Extension settings, History Delete Directives, Send Tab To Self, Web Apps, Collection, Edge E Drop, Edge Tab Group, Edge Wallet, Encryption Keys"}
{"logTime": "1116/195800", "correlationVector":"tmwpyWlFsi5uVWJwge7gdy.0","action":"CompareDataConsistency result: ", "result":"Compare result: Encryption Keys is consistent. local entities count is: 1 local entities hash is: zC7PtDNJpOjpHqW5ug/0Wni9YEU="}
{"logTime": "1116/195800", "correlationVector":"tmwpyWlFsi5uVWJwge7gdy.1","action":"CompareDataConsistency result: ", "result":"Compare result: Bookmarks is consistent. local entities count is: 3 local entities hash is: sTb0ixBx7IcNXdYzMrHxIC3//8Y="}
{"logTime": "1116/195800", "correlationVector":"tmwpyWlFsi5uVWJwge7gdy.2","action":"CompareDataConsistency result: ", "result":"Compare result: Preferences is consistent. local entities count is: 55 local entities hash is: YEiX4UcysxU2exMG4aq8Eos96kg="}
{"logTime": "1116/195800", "correlationVector":"tmwpyWlFsi5uVWJwge7gdy.3","action":"CompareDataConsistency result: ", "result":"Server did not send this Typed URLs local entities count is: 0 local entities hash is: "}
{"logTime": "1116/195800", "correlationVector":"tmwpyWlFsi5uVWJwge7gdy.4","action":"CompareDataConsistency result: ", "result":"Compare result: Extensions is consistent. local entities count is: 0 local entities hash is: "}
{"logTime": "1116/195800", "correlationVector":"tmwpyWlFsi5uVWJwge7gdy.5","action":"CompareDataConsistency result: ", "result":"Compare result: Extension settings is consistent. local entities count is: 0 local entities hash is: "}
{"logTime": "1116/195800", "correlationVector":"tmwpyWlFsi5uVWJwge7gdy.6","action":"CompareDataConsistency result: ", "result":"Compare result: History Delete Directives is consistent. local entities count is: 0 local entities hash is: "}
{"logTime": "1116/195800", "correlationVector":"tmwpyWlFsi5uVWJwge7gdy.7","action":"CompareDataConsistency result: ", "result":"Server did not send this Send Tab To Self local entities count is: 0 local entities hash is: "}
{"logTime": "1116/195800", "correlationVector":"tmwpyWlFsi5uVWJwge7gdy.8","action":"CompareDataConsistency result: ", "result":"Compare result: Web Apps is consistent. local entities count is: 0 local entities hash is: "}
{"logTime": "1116/195800", "correlationVector":"tmwpyWlFsi5uVWJwge7gdy.9","action":"CompareDataConsistency result: ", "result":"Compare result: Collection is consistent. local entities count is: 0 local entities hash is: "}
{"logTime": "1116/195800", "correlationVector":"tmwpyWlFsi5uVWJwge7gdy.10","action":"CompareDataConsistency result: ", "result":"Compare result: Edge E Drop is consistent. local entities count is: 0 local entities hash is: "}
{"logTime": "1116/195800", "correlationVector":"tmwpyWlFsi5uVWJwge7gdy.11","action":"CompareDataConsistency result: ", "result":"Compare result: Edge Tab Group is consistent. local entities count is: 0 local entities hash is: "}
{"logTime": "1116/195800", "correlationVector":"tmwpyWlFsi5uVWJwge7gdy.12","action":"CompareDataConsistency result: ", "result":"Compare result: Edge Wallet is consistent. local entities count is: 0 local entities hash is: "}
{"logTime": "1116/195800", "correlationVector":"tmwpyWlFsi5uVWJwge7gdy.13","action":"CompareDataConsistency result: ", "result":"Compare result: Passwords is consistent. local entities count is: 6 local entities hash is: fkc3lpFeS3ZIhVMQViiLBpkU72U="}
{"logTime": "1116/195800", "correlationVector":"mVzTEDA+BkIVtb2dl90r7r","action":"Commit Request", "result":"", "context":Item count: 4
Contributing types: Sessions, Device Info}
{"logTime": "1116/195801", "correlationVector":"mVzTEDA+BkIVtb2dl90r7r.1","action":"SyncServerConnectionManagerRequest", "result":"SYNC_SERVER_OK", "context":{"environment":"Prod_WestUS_000v", "migrationStage":"NotStarted", "server":"GENERAL11000004"}}
{"logTime": "1116/195801", "correlationVector":"mVzTEDA+BkIVtb2dl90r7r.2","action":"Commit Response", "result":"Success", "context":Result: Success. cV=mVzTEDA+BkIVtb2dl90r7r.0;server=GENERAL11000004;cloudType=Consumer;environment=Prod_WestUS_000v;migrationStage=NotStarted}
{"logTime": "1116/195801", "correlationVector":"mVzTEDA+BkIVtb2dl90r7r.3","action":"Commit.Sessions", "result":"Success", "context":{"id":"8f138642-245d-455a-b267-6e3765854771", "isDeleted":"true", "size":"0", "version":"1731786773409"}}
{"logTime": "1116/195801", "correlationVector":"","action":"DIAGNOSTIC_REQUEST|v1/diagnosticData/Diagnostic.SendCheckResult()|SUCCESS", "result":""}
{"logTime": "1116/195835", "correlationVector":"lgebGaC9tFTNAetT3WfGLK","action":"Commit Request", "result":"", "context":Item count: 1
Contributing types: Sessions}
{"logTime": "1116/195835", "correlationVector":"lgebGaC9tFTNAetT3WfGLK.1","action":"SyncServerConnectionManagerRequest", "result":"SYNC_SERVER_OK", "context":{"environment":"Prod_WestUS2_000n", "migrationStage":"NotStarted", "server":"GENERAL01000023"}}
{"logTime": "1116/195835", "correlationVector":"lgebGaC9tFTNAetT3WfGLK.2","action":"Commit Response", "result":"Success", "context":Result: Success. cV=lgebGaC9tFTNAetT3WfGLK.0;server=GENERAL01000023;cloudType=Consumer;environment=Prod_WestUS2_000n;migrationStage=NotStarted}
{"logTime": "1116/200027", "correlationVector":"LJUev9rTikJAcj0gjyztIf.1","action":"SyncServerConnectionManagerRequest", "result":"SYNC_SERVER_OK", "context":{"environment":"Prod_WestUS2_000n", "migrationStage":"NotStarted", "server":"GENERAL01000026"}}
{"logTime": "1116/200027", "correlationVector":"ho92HtX7wJnBWVd9hvELbv","action":"SyncServerConnectionManagerRequest", "result":"SYNC_SERVER_OK", "context":{"environment":"", "migrationStage":"", "server":""}}
{"logTime": "1116/200027", "correlationVector":"LJUev9rTikJAcj0gjyztIf","action":"Initial GetUpdates", "result":"", "context":Reason: NEW_CLIENT. cV=LJUev9rTikJAcj0gjyztIf}
{"logTime": "1116/200027", "correlationVector":"LJUev9rTikJAcj0gjyztIf.2","action":"GetUpdates Response", "result":"Success", "context":Received 1 update(s). cV=LJUev9rTikJAcj0gjyztIf.0;server=GENERAL01000026;cloudType=Consumer;environment=Prod_WestUS2_000n;migrationStage=NotStarted}
{"logTime": "1116/200027", "correlationVector":"A7NUAO6wpfDdavpH9OlNIY","action":"Initial GetUpdates", "result":"", "context":Reason: NEWLY_SUPPORTED_DATATYPE. cV=A7NUAO6wpfDdavpH9OlNIY}
{"logTime": "1116/200028", "correlationVector":"A7NUAO6wpfDdavpH9OlNIY.1","action":"SyncServerConnectionManagerRequest", "result":"SYNC_SERVER_OK", "context":{"environment":"Prod_WestUS2_000n", "migrationStage":"NotStarted", "server":"GENERAL0100001D"}}
{"logTime": "1116/200028", "correlationVector":"A7NUAO6wpfDdavpH9OlNIY.2","action":"GetUpdates Response", "result":"Success", "context":Received 6 update(s). cV=A7NUAO6wpfDdavpH9OlNIY.0;server=GENERAL0100001D;cloudType=Consumer;environment=Prod_WestUS2_000n;migrationStage=NotStarted}
{"logTime": "1116/200028", "correlationVector":"sb9fTyqP5ic01Fi4WZOE64","action":"Normal GetUpdate request", "result":"", "context":cV=sb9fTyqP5ic01Fi4WZOE64
Nudged types: Sessions, Device Info
Refresh requested types: Bookmarks, Preferences, Passwords, Autofill Profiles, Autofill, Typed URLs, Extensions, Sessions, Extension settings, History Delete Directives, Device Info, User Consents, Send Tab To Self, Web Apps, Collection, Edge E Drop, Edge Hub App Usage, Edge Tab Group, Edge Wallet, Encryption Keys}
{"logTime": "1116/200028", "correlationVector":"sb9fTyqP5ic01Fi4WZOE64.1","action":"SyncServerConnectionManagerRequest", "result":"SYNC_SERVER_OK", "context":{"environment":"Prod_WestUS2_000n", "migrationStage":"NotStarted", "server":"GENERAL01000023"}}
{"logTime": "1116/200028", "correlationVector":"sb9fTyqP5ic01Fi4WZOE64.2","action":"GetUpdates", "result":"DeleteReceived", "context":{"id":"8f138642-245d-455a-b267-6e3765854771", "isDeleted:":"true", "version":"1731787083128"}}
{"logTime": "1116/200028", "correlationVector":"sb9fTyqP5ic01Fi4WZOE64.3","action":"GetUpdates Response", "result":"Success", "context":Received 4 update(s). cV=sb9fTyqP5ic01Fi4WZOE64.0;server=GENERAL01000023;cloudType=Consumer;environment=Prod_WestUS2_000n;migrationStage=NotStarted}
{"logTime": "1116/200028", "correlationVector":"sbbsTVYe5W83K89z0Oj1EF","action":"Commit Request", "result":"", "context":Item count: 4
Contributing types: Sessions, Device Info}
{"logTime": "1116/200029", "correlationVector":"sbbsTVYe5W83K89z0Oj1EF.1","action":"SyncServerConnectionManagerRequest", "result":"SYNC_SERVER_OK", "context":{"environment":"Prod_WestUS2_000n", "migrationStage":"NotStarted", "server":"GENERAL0100000Y"}}
{"logTime": "1116/200029", "correlationVector":"sbbsTVYe5W83K89z0Oj1EF.2","action":"Commit Response", "result":"Success", "context":Result: Success. cV=sbbsTVYe5W83K89z0Oj1EF.0;server=GENERAL0100000Y;cloudType=Consumer;environment=Prod_WestUS2_000n;migrationStage=NotStarted}
{"logTime": "1116/200102", "correlationVector":"+8+rheZ65FW55HkTqonaHG","action":"Commit Request", "result":"", "context":Item count: 2
Contributing types: Sessions}
{"logTime": "1116/200102", "correlationVector":"+8+rheZ65FW55HkTqonaHG.1","action":"SyncServerConnectionManagerRequest", "result":"SYNC_SERVER_OK", "context":{"environment":"Prod_WestUS2_000n", "migrationStage":"NotStarted", "server":"GENERAL0100000Q"}}
{"logTime": "1116/200102", "correlationVector":"+8+rheZ65FW55HkTqonaHG.3","action":"Commit.Sessions", "result":"Success", "context":{"id":"ec3ed99c-3305-46a5-bfa5-e82d589fc4da", "isDeleted":"true", "size":"0", "version":"1731787231057"}}
{"logTime": "1116/200102", "correlationVector":"+8+rheZ65FW55HkTqonaHG.2","action":"Commit Response", "result":"Success", "context":Result: Success. cV=+8+rheZ65FW55HkTqonaHG.0;server=GENERAL0100000Q;cloudType=Consumer;environment=Prod_WestUS2_000n;migrationStage=NotStarted}
{"logTime": "1116/200150", "correlationVector":"4Gm3B/uYK74JumBgeeq5Qo","action":"Commit Request", "result":"", "context":Item count: 1
Contributing types: Sessions}
{"logTime": "1116/200150", "correlationVector":"4Gm3B/uYK74JumBgeeq5Qo.1","action":"SyncServerConnectionManagerRequest", "result":"SYNC_SERVER_OK", "context":{"environment":"Prod_WestUS2_000n", "migrationStage":"NotStarted", "server":"GENERAL01000020"}}
{"logTime": "1116/200150", "correlationVector":"4Gm3B/uYK74JumBgeeq5Qo.2","action":"Commit Response", "result":"Success", "context":Result: Success. cV=4Gm3B/uYK74JumBgeeq5Qo.0;server=GENERAL01000020;cloudType=Consumer;environment=Prod_WestUS2_000n;migrationStage=NotStarted}
{"logTime": "1116/200802", "correlationVector":"ekvYXn7HQhaVcB2M5LnrP1.1","action":"SyncServerConnectionManagerRequest", "result":"SYNC_SERVER_OK", "context":{"environment":"Prod_WestUS2_000n", "migrationStage":"NotStarted", "server":"GENERAL0100002S"}}
{"logTime": "1116/200802", "correlationVector":"u43ZhuAruSw+xfwEHBVIi0","action":"SyncServerConnectionManagerRequest", "result":"SYNC_SERVER_OK", "context":{"environment":"", "migrationStage":"", "server":""}}
{"logTime": "1116/200802", "correlationVector":"ekvYXn7HQhaVcB2M5LnrP1","action":"Initial GetUpdates", "result":"", "context":Reason: NEW_CLIENT. cV=ekvYXn7HQhaVcB2M5LnrP1}
{"logTime": "1116/200802", "correlationVector":"ekvYXn7HQhaVcB2M5LnrP1.2","action":"GetUpdates Response", "result":"Success", "context":Received 1 update(s). cV=ekvYXn7HQhaVcB2M5LnrP1.0;server=GENERAL0100002S;cloudType=Consumer;environment=Prod_WestUS2_000n;migrationStage=NotStarted}
{"logTime": "1116/200802", "correlationVector":"tFT5p59E3i72cfrPkZiAyA","action":"Initial GetUpdates", "result":"", "context":Reason: NEWLY_SUPPORTED_DATATYPE. cV=tFT5p59E3i72cfrPkZiAyA}
{"logTime": "1116/200803", "correlationVector":"tFT5p59E3i72cfrPkZiAyA.1","action":"SyncServerConnectionManagerRequest", "result":"SYNC_SERVER_OK", "context":{"environment":"Prod_WestUS2_000n", "migrationStage":"NotStarted", "server":"GENERAL0100002S"}}
{"logTime": "1116/200803", "correlationVector":"tFT5p59E3i72cfrPkZiAyA.2","action":"GetUpdates Response", "result":"Success", "context":Received 6 update(s). cV=tFT5p59E3i72cfrPkZiAyA.0;server=GENERAL0100002S;cloudType=Consumer;environment=Prod_WestUS2_000n;migrationStage=NotStarted}
{"logTime": "1116/200803", "correlationVector":"rI8oFqD08pG3p6uOT2gy97","action":"Normal GetUpdate request", "result":"", "context":cV=rI8oFqD08pG3p6uOT2gy97
Nudged types: Sessions, Device Info
Refresh requested types: Bookmarks, Preferences, Passwords, Autofill Profiles, Autofill, Typed URLs, Extensions, Sessions, Extension settings, History Delete Directives, Device Info, User Consents, Send Tab To Self, Web Apps, Collection, Edge E Drop, Edge Hub App Usage, Edge Tab Group, Edge Wallet, Encryption Keys}
{"logTime": "1116/200803", "correlationVector":"rI8oFqD08pG3p6uOT2gy97.1","action":"SyncServerConnectionManagerRequest", "result":"SYNC_SERVER_OK", "context":{"environment":"Prod_WestUS2_000n", "migrationStage":"NotStarted", "server":"GENERAL0100001V"}}
{"logTime": "1116/200803", "correlationVector":"rI8oFqD08pG3p6uOT2gy97.2","action":"GetUpdates", "result":"DeleteReceived", "context":{"id":"ec3ed99c-3305-46a5-bfa5-e82d589fc4da", "isDeleted:":"true", "version":"1731787264765"}}
{"logTime": "1116/200803", "correlationVector":"rI8oFqD08pG3p6uOT2gy97.3","action":"GetUpdates Response", "result":"Success", "context":Received 4 update(s). cV=rI8oFqD08pG3p6uOT2gy97.0;server=GENERAL0100001V;cloudType=Consumer;environment=Prod_WestUS2_000n;migrationStage=NotStarted}
{"logTime": "1116/200803", "correlationVector":"z6fGvzkPCQN9UBC7BE11bR","action":"Commit Request", "result":"", "context":Item count: 4
Contributing types: Sessions, Device Info}
{"logTime": "1116/200803", "correlationVector":"z6fGvzkPCQN9UBC7BE11bR.1","action":"SyncServerConnectionManagerRequest", "result":"SYNC_SERVER_OK", "context":{"environment":"Prod_WestUS2_000n", "migrationStage":"NotStarted", "server":"GENERAL01000002"}}
{"logTime": "1116/200803", "correlationVector":"z6fGvzkPCQN9UBC7BE11bR.3","action":"Commit.Sessions", "result":"Success", "context":{"id":"79fb715e-146e-4388-983c-f7972baf8af0", "isDeleted":"true", "size":"0", "version":"1731787312463"}}
{"logTime": "1116/200803", "correlationVector":"z6fGvzkPCQN9UBC7BE11bR.2","action":"Commit Response", "result":"Success", "context":Result: Success. cV=z6fGvzkPCQN9UBC7BE11bR.0;server=GENERAL01000002;cloudType=Consumer;environment=Prod_WestUS2_000n;migrationStage=NotStarted}
{"logTime": "1116/200840", "correlationVector":"Krfm4IGm5C8mnlZKXNZi6u","action":"Commit Request", "result":"", "context":Item count: 1
Contributing types: Sessions}
{"logTime": "1116/200840", "correlationVector":"Krfm4IGm5C8mnlZKXNZi6u.1","action":"SyncServerConnectionManagerRequest", "result":"SYNC_SERVER_OK", "context":{"environment":"Prod_WestUS2_000n", "migrationStage":"NotStarted", "server":"GENERAL0100002U"}}
{"logTime": "1116/200840", "correlationVector":"Krfm4IGm5C8mnlZKXNZi6u.2","action":"Commit Response", "result":"Success", "context":Result: Success. cV=Krfm4IGm5C8mnlZKXNZi6u.0;server=GENERAL0100002U;cloudType=Consumer;environment=Prod_WestUS2_000n;migrationStage=NotStarted}
{"logTime": "1116/200928", "correlationVector":"ZQpLULazrKql/LdEyvyhZq","action":"Commit Request", "result":"", "context":Item count: 1
Contributing types: Sessions}
{"logTime": "1116/200928", "correlationVector":"ZQpLULazrKql/LdEyvyhZq.1","action":"SyncServerConnectionManagerRequest", "result":"SYNC_SERVER_OK", "context":{"environment":"Prod_WestUS2_000n", "migrationStage":"NotStarted", "server":"GENERAL0100001V"}}
{"logTime": "1116/200928", "correlationVector":"ZQpLULazrKql/LdEyvyhZq.2","action":"Commit Response", "result":"Success", "context":Result: Success. cV=ZQpLULazrKql/LdEyvyhZq.0;server=GENERAL0100001V;cloudType=Consumer;environment=Prod_WestUS2_000n;migrationStage=NotStarted}
